Removed Pin From Net: NetName=VCC Pin=R2-1
Removed Pin From Net: NetName=NetC1_2 Pin=R2-2
Removed Member From Class: ClassName=Watch_Input Member=R2
Change Component Footprint: Designator=R1 Old Footprint=R0402 New Footprint=RES_RC1206_YAG
Change Component Comment : Designator=R1 Old Comment=SMD-RES-10K-5%-1/(0402) New Comment=RC1206FR-1310KL
Change component parameters: Designator = "R1" ("R1"); Footprint = "R0402"; UniqueID = "\GKXAUCYH" ("\GKXAUCYH")
Change component parameters (AddParameter): Name = "Copyright"; Value = "Copyright (C) 2025 Ultra Librarian. All rights reserved."; VariantName = "[No Variations]"
Change component parameters (AddParameter): Name = "Manufacturer_Name"; Value = "Yageo"; VariantName = "[No Variations]"
Change component parameters (AddParameter): Name = "Manufacturer_Part_Number"; Value = "RC1206FR-1310KL"; VariantName = "[No Variations]"
Change component parameters (AddParameter): Name = "RefDes"; Value = ""; VariantName = "[No Variations]"
Change component parameters (AddParameter): Name = "Type"; Value = ""; VariantName = "[No Variations]"
Added Component: Designator=R?(RES_RC1206_YAG)
Add component (AddParameter): Name = "Copyright"; Value = "Copyright (C) 2025 Ultra Librarian. All rights reserved."; VariantName = "[No Variations]"
Add component (AddParameter): Name = "Manufacturer_Name"; Value = "Yageo"; VariantName = "[No Variations]"
Add component (AddParameter): Name = "Manufacturer_Part_Number"; Value = "RC1206FR-1310KL"; VariantName = "[No Variations]"
Add component (AddParameter): Name = "RefDes"; Value = ""; VariantName = "[No Variations]"
Add component (AddParameter): Name = "Type"; Value = ""; VariantName = "[No Variations]"
Added Pin To Net: NetName=VCC Pin=R?-1
Added Pin To Net: NetName=NetC1_2 Pin=R?-2
Added Member To Class: ClassName=Watch_Input Member=Component R? RC1206FR-1310KL
